SF:/home/runner/work/java-console-application/java-console-application/recipe-cost-calculator-app/src/main/java/com/turankanbur/calculator/Ingredient.java
DA:30,1
DA:37,1
DA:44,1
DA:49,1
DA:57,1
DA:65,1
DA:79,1
DA:84,1
DA:89,1
DA:97,1
DA:107,1
DA:119,1
DA:128,1
DA:73,1
DA:5,1
DA:1,0
end_of_record
SF:/home/runner/work/java-console-application/java-console-application/recipe-cost-calculator-app/src/main/java/com/turankanbur/calculator/Meal.java
DA:30,1
DA:38,1
DA:46,1
DA:57,1
DA:64,1
DA:71,1
DA:83,1
DA:88,1
DA:93,1
DA:98,1
DA:107,1
DA:118,1
DA:127,1
DA:136,1
DA:143,1
DA:78,1
DA:1,0
end_of_record
SF:/home/runner/work/java-console-application/java-console-application/recipe-cost-calculator-app/src/main/java/com/turankanbur/calculator/IngredientManagement.java
DA:63,1
DA:69,1
DA:80,1
DA:92,1
DA:103,1
DA:112,1
DA:122,1
DA:144,1
DA:168,1
DA:190,1
DA:209,1
DA:58,1
DA:1,0
end_of_record
SF:/home/runner/work/java-console-application/java-console-application/recipe-cost-calculator-app/src/main/java/com/turankanbur/calculator/MealManagement.java
DA:26,1
DA:29,1
DA:32,1
DA:43,1
DA:59,1
DA:70,1
DA:91,1
DA:123,1
DA:141,1
DA:21,1
DA:1,0
end_of_record
SF:/home/runner/work/java-console-application/java-console-application/recipe-cost-calculator-app/src/main/java/com/turankanbur/calculator/Menu.java
DA:68,1
DA:78,1
DA:98,1
DA:116,1
DA:173,1
DA:206,1
DA:246,1
DA:278,1
DA:306,1
DA:334,1
DA:380,1
DA:431,1
DA:493,1
DA:541,1
DA:605,1
DA:653,1
DA:710,1
DA:759,1
DA:795,1
DA:824,1
DA:857,1
DA:941,1
DA:1015,1
DA:1078,1
DA:1103,1
DA:1129,1
DA:1184,1
DA:1209,1
DA:1235,1
DA:1276,1
DA:65,1
DA:1,1
end_of_record
SF:/home/runner/work/java-console-application/java-console-application/recipe-cost-calculator-app/src/main/java/com/turankanbur/calculator/Recipe.java
DA:27,1
DA:30,1
DA:33,1
DA:36,1
DA:39,1
DA:49,1
DA:60,1
DA:69,1
DA:78,1
DA:87,1
DA:96,1
DA:105,1
DA:22,1
DA:1,0
end_of_record
SF:/home/runner/work/java-console-application/java-console-application/recipe-cost-calculator-app/src/main/java/com/turankanbur/calculator/RecipeManagement.java
DA:61,1
DA:64,1
DA:67,1
DA:80,1
DA:96,1
DA:185,1
DA:215,1
DA:106,1
DA:126,1
DA:159,1
DA:56,1
DA:1,0
end_of_record
SF:/home/runner/work/java-console-application/java-console-application/recipe-cost-calculator-app/src/main/java/com/turankanbur/calculator/User.java
DA:20,1
DA:23,1
DA:26,1
DA:34,1
DA:44,1
DA:53,1
DA:15,1
DA:1,0
end_of_record
