<?xml version="1.0" encoding="UTF-8" standalone="yes"?><!DOCTYPE report PUBLIC "-//JACOCO//DTD Report 1.1//EN" "report.dtd"><report name="java-console-application"><sessioninfo id="fv-az1316-266-dbd6d92" start="1739190968295" dump="1739190969842"/><package name="com/turankanbur/calculator"><class name="com/turankanbur/calculator/IngredientManagement" sourcefilename="IngredientManagement.java"><method name="&lt;init&gt;" desc="(Ljava/lang/String;I)V" line="81"><counter type="INSTRUCTION" missed="0" covered="10"/><counter type="LINE" missed="0" covered="3"/><counter type="COMPLEXITY" missed="0" covered="1"/><counter type="METHOD" missed="0" covered="1"/></method><method name="addIngredient" desc="(Lcom/turankanbur/calculator/Ingredient;Ljava/lang/String;)V" line="94"><counter type="INSTRUCTION" missed="0" covered="6"/><counter type="LINE" missed="0" covered="2"/><counter type="COMPLEXITY" missed="0" covered="1"/><counter type="METHOD" missed="0" covered="1"/></method><method name="getIngredients" desc="()Ljava/util/List;" line="104"><counter type="INSTRUCTION" missed="0" covered="3"/><counter type="LINE" missed="0" covered="1"/><counter type="COMPLEXITY" missed="0" covered="1"/><counter type="METHOD" missed="0" covered="1"/></method><method name="setIngredient" desc="(Ljava/util/List;)V" line="113"><counter type="INSTRUCTION" missed="0" covered="4"/><counter type="LINE" missed="0" covered="2"/><counter type="COMPLEXITY" missed="0" covered="1"/><counter type="METHOD" missed="0" covered="1"/></method><method name="saveToFile" desc="(Ljava/lang/String;)V" line="123"><counter type="INSTRUCTION" missed="0" covered="39"/><counter type="BRANCH" missed="0" covered="2"/><counter type="LINE" missed="0" covered="11"/><counter type="COMPLEXITY" missed="0" covered="2"/><counter type="METHOD" missed="0" covered="1"/></method><method name="loadFromFile" desc="(Ljava/lang/String;)V" line="145"><counter type="INSTRUCTION" missed="0" covered="33"/><counter type="LINE" missed="0" covered="11"/><counter type="COMPLEXITY" missed="0" covered="1"/><counter type="METHOD" missed="0" covered="1"/></method><method name="listIngredients" desc="()V" line="169"><counter type="INSTRUCTION" missed="0" covered="43"/><counter type="BRANCH" missed="0" covered="4"/><counter type="LINE" missed="0" covered="10"/><counter type="COMPLEXITY" missed="0" covered="3"/><counter type="METHOD" missed="0" covered="1"/></method><method name="editIngredientPrice" desc="(Ljava/lang/String;I)V" line="191"><counter type="INSTRUCTION" missed="0" covered="29"/><counter type="BRANCH" missed="0" covered="4"/><counter type="LINE" missed="0" covered="8"/><counter type="COMPLEXITY" missed="0" covered="3"/><counter type="METHOD" missed="0" covered="1"/></method><method name="findIngredientByName" desc="(Ljava/lang/String;)Lcom/turankanbur/calculator/Ingredient;" line="210"><counter type="INSTRUCTION" missed="0" covered="21"/><counter type="BRANCH" missed="0" covered="4"/><counter type="LINE" missed="0" covered="5"/><counter type="COMPLEXITY" missed="0" covered="3"/><counter type="METHOD" missed="0" covered="1"/></method><counter type="INSTRUCTION" missed="0" covered="188"/><counter type="BRANCH" missed="0" covered="14"/><counter type="LINE" missed="0" covered="53"/><counter type="COMPLEXITY" missed="0" covered="16"/><counter type="METHOD" missed="0" covered="9"/><counter type="CLASS" missed="0" covered="1"/></class><class name="com/turankanbur/calculator/Ingredient" sourcefilename="Ingredient.java"><method name="&lt;init&gt;" desc="(Ljava/lang/String;I)V" line="97"><counter type="INSTRUCTION" missed="0" covered="9"/><counter type="LINE" missed="0" covered="4"/><counter type="COMPLEXITY" missed="0" covered="1"/><counter type="METHOD" missed="0" covered="1"/></method><method name="getName" desc="()Ljava/lang/String;" line="108"><counter type="INSTRUCTION" missed="0" covered="3"/><counter type="LINE" missed="0" covered="1"/><counter type="COMPLEXITY" missed="0" covered="1"/><counter type="METHOD" missed="0" covered="1"/></method><method name="getPrice" desc="()I" line="120"><counter type="INSTRUCTION" missed="0" covered="3"/><counter type="LINE" missed="0" covered="1"/><counter type="COMPLEXITY" missed="0" covered="1"/><counter type="METHOD" missed="0" covered="1"/></method><method name="setPrice" desc="(I)V" line="129"><counter type="INSTRUCTION" missed="0" covered="4"/><counter type="LINE" missed="0" covered="2"/><counter type="COMPLEXITY" missed="0" covered="1"/><counter type="METHOD" missed="0" covered="1"/></method><counter type="INSTRUCTION" missed="0" covered="19"/><counter type="LINE" missed="0" covered="8"/><counter type="COMPLEXITY" missed="0" covered="4"/><counter type="METHOD" missed="0" covered="4"/><counter type="CLASS" missed="0" covered="1"/></class><class name="com/turankanbur/calculator/IMainIngredient" sourcefilename="Ingredient.java"/><class name="com/turankanbur/calculator/Menu" sourcefilename="Menu.java"><method name="&lt;init&gt;" desc="()V" line="65"><counter type="INSTRUCTION" missed="0" covered="3"/><counter type="LINE" missed="0" covered="1"/><counter type="COMPLEXITY" missed="0" covered="1"/><counter type="METHOD" missed="0" covered="1"/></method><method name="main" desc="([Ljava/lang/String;)V" line="80"><counter type="INSTRUCTION" missed="0" covered="14"/><counter type="LINE" missed="0" covered="4"/><counter type="COMPLEXITY" missed="0" covered="1"/><counter type="METHOD" missed="0" covered="1"/></method><method name="clearScreen" desc="()V" line="103"><counter type="INSTRUCTION" missed="22" covered="4"/><counter type="LINE" missed="2" covered="3"/><counter type="COMPLEXITY" missed="0" covered="1"/><counter type="METHOD" missed="0" covered="1"/></method><method name="userMenu" desc="(Ljava/util/Scanner;)Z" line="117"><counter type="INSTRUCTION" missed="0" covered="65"/><counter type="BRANCH" missed="0" covered="5"/><counter type="LINE" missed="0" covered="24"/><counter type="COMPLEXITY" missed="0" covered="5"/><counter type="METHOD" missed="0" covered="1"/></method><method name="registerUser" desc="(Ljava/util/Scanner;)V" line="174"><counter type="INSTRUCTION" missed="1" covered="49"/><counter type="LINE" missed="1" covered="15"/><counter type="COMPLEXITY" missed="0" covered="1"/><counter type="METHOD" missed="0" covered="1"/></method><method name="loginUser" desc="(Ljava/util/Scanner;)V" line="207"><counter type="INSTRUCTION" missed="1" covered="69"/><counter type="BRANCH" missed="3" covered="3"/><counter type="LINE" missed="1" covered="20"/><counter type="COMPLEXITY" missed="3" covered="1"/><counter type="METHOD" missed="0" covered="1"/></method><method name="guestMode" desc="(Ljava/util/Scanner;)V" line="247"><counter type="INSTRUCTION" missed="0" covered="35"/><counter type="LINE" missed="0" covered="13"/><counter type="COMPLEXITY" missed="0" covered="1"/><counter type="METHOD" missed="0" covered="1"/></method><method name="printMenu" desc="(Ljava/util/Scanner;)V" line="281"><counter type="INSTRUCTION" missed="0" covered="24"/><counter type="LINE" missed="0" covered="9"/><counter type="COMPLEXITY" missed="0" covered="1"/><counter type="METHOD" missed="0" covered="1"/></method><method name="printMenuForGuest" desc="(Ljava/util/Scanner;)V" line="310"><counter type="INSTRUCTION" missed="0" covered="24"/><counter type="LINE" missed="0" covered="9"/><counter type="COMPLEXITY" missed="0" covered="1"/><counter type="METHOD" missed="0" covered="1"/></method><method name="selectMenu" desc="(Ljava/util/Scanner;)V" line="336"><counter type="INSTRUCTION" missed="0" covered="40"/><counter type="BRANCH" missed="0" covered="6"/><counter type="LINE" missed="0" covered="16"/><counter type="COMPLEXITY" missed="0" covered="6"/><counter type="METHOD" missed="0" covered="1"/></method><method name="selectMenuForGuest" desc="(Ljava/util/Scanner;)V" line="383"><counter type="INSTRUCTION" missed="0" covered="42"/><counter type="BRANCH" missed="0" covered="6"/><counter type="LINE" missed="0" covered="17"/><counter type="COMPLEXITY" missed="0" covered="6"/><counter type="METHOD" missed="0" covered="1"/></method><method name="IngredientManagement" desc="(Ljava/util/Scanner;)V" line="432"><counter type="INSTRUCTION" missed="0" covered="75"/><counter type="BRANCH" missed="0" covered="6"/><counter type="LINE" missed="0" covered="29"/><counter type="COMPLEXITY" missed="0" covered="6"/><counter type="METHOD" missed="0" covered="1"/></method><method name="IngredientManagementForGuest" desc="(Ljava/util/Scanner;)V" line="495"><counter type="INSTRUCTION" missed="0" covered="52"/><counter type="BRANCH" missed="0" covered="3"/><counter type="LINE" missed="0" covered="19"/><counter type="COMPLEXITY" missed="0" covered="3"/><counter type="METHOD" missed="0" covered="1"/></method><method name="RecipeCosting" desc="(Ljava/util/Scanner;)V" line="543"><counter type="INSTRUCTION" missed="0" covered="69"/><counter type="BRANCH" missed="0" covered="5"/><counter type="LINE" missed="0" covered="26"/><counter type="COMPLEXITY" missed="0" covered="5"/><counter type="METHOD" missed="0" covered="1"/></method><method name="RecipeCostingForGuest" desc="(Ljava/util/Scanner;)V" line="607"><counter type="INSTRUCTION" missed="0" covered="54"/><counter type="BRANCH" missed="0" covered="3"/><counter type="LINE" missed="0" covered="19"/><counter type="COMPLEXITY" missed="0" covered="3"/><counter type="METHOD" missed="0" covered="1"/></method><method name="PlanMeal" desc="(Ljava/util/Scanner;)V" line="655"><counter type="INSTRUCTION" missed="0" covered="61"/><counter type="BRANCH" missed="0" covered="4"/><counter type="LINE" missed="0" covered="23"/><counter type="COMPLEXITY" missed="0" covered="4"/><counter type="METHOD" missed="0" covered="1"/></method><method name="PlanMealForGuest" desc="(Ljava/util/Scanner;)V" line="712"><counter type="INSTRUCTION" missed="0" covered="52"/><counter type="BRANCH" missed="0" covered="3"/><counter type="LINE" missed="0" covered="19"/><counter type="COMPLEXITY" missed="0" covered="3"/><counter type="METHOD" missed="0" covered="1"/></method><method name="addIngredient" desc="(Ljava/util/Scanner;)V" line="761"><counter type="INSTRUCTION" missed="0" covered="54"/><counter type="LINE" missed="0" covered="17"/><counter type="COMPLEXITY" missed="0" covered="1"/><counter type="METHOD" missed="0" covered="1"/></method><method name="viewIngredient" desc="(Ljava/util/Scanner;)V" line="797"><counter type="INSTRUCTION" missed="0" covered="29"/><counter type="BRANCH" missed="1" covered="1"/><counter type="LINE" missed="0" covered="10"/><counter type="COMPLEXITY" missed="1" covered="1"/><counter type="METHOD" missed="0" covered="1"/></method><method name="viewIngredientForGuest" desc="(Ljava/util/Scanner;)V" line="826"><counter type="INSTRUCTION" missed="0" covered="36"/><counter type="BRANCH" missed="0" covered="2"/><counter type="LINE" missed="0" covered="12"/><counter type="COMPLEXITY" missed="0" covered="2"/><counter type="METHOD" missed="0" covered="1"/></method><method name="editIngredient" desc="(Ljava/util/Scanner;)V" line="859"><counter type="INSTRUCTION" missed="3" covered="91"/><counter type="BRANCH" missed="1" covered="4"/><counter type="LINE" missed="1" covered="30"/><counter type="COMPLEXITY" missed="1" covered="3"/><counter type="METHOD" missed="0" covered="1"/></method><method name="removeIngredient" desc="(Ljava/util/Scanner;)V" line="943"><counter type="INSTRUCTION" missed="0" covered="93"/><counter type="BRANCH" missed="1" covered="4"/><counter type="LINE" missed="0" covered="29"/><counter type="COMPLEXITY" missed="1" covered="3"/><counter type="METHOD" missed="0" covered="1"/></method><method name="CreateRecipe" desc="(Ljava/util/Scanner;)V" line="1016"><counter type="INSTRUCTION" missed="0" covered="132"/><counter type="BRANCH" missed="0" covered="8"/><counter type="LINE" missed="0" covered="36"/><counter type="COMPLEXITY" missed="0" covered="5"/><counter type="METHOD" missed="0" covered="1"/></method><method name="viewRecipe" desc="(Ljava/util/Scanner;)V" line="1080"><counter type="INSTRUCTION" missed="4" covered="26"/><counter type="BRANCH" missed="1" covered="1"/><counter type="LINE" missed="1" covered="9"/><counter type="COMPLEXITY" missed="1" covered="1"/><counter type="METHOD" missed="0" covered="1"/></method><method name="viewRecipeForGuest" desc="(Ljava/util/Scanner;)V" line="1104"><counter type="INSTRUCTION" missed="0" covered="30"/><counter type="BRANCH" missed="0" covered="2"/><counter type="LINE" missed="0" covered="10"/><counter type="COMPLEXITY" missed="0" covered="2"/><counter type="METHOD" missed="0" covered="1"/></method><method name="CreateMeal" desc="(Ljava/util/Scanner;)V" line="1130"><counter type="INSTRUCTION" missed="0" covered="109"/><counter type="BRANCH" missed="1" covered="7"/><counter type="LINE" missed="0" covered="32"/><counter type="COMPLEXITY" missed="1" covered="4"/><counter type="METHOD" missed="0" covered="1"/></method><method name="viewMeal" desc="(Ljava/util/Scanner;)V" line="1186"><counter type="INSTRUCTION" missed="0" covered="30"/><counter type="BRANCH" missed="0" covered="2"/><counter type="LINE" missed="0" covered="10"/><counter type="COMPLEXITY" missed="0" covered="2"/><counter type="METHOD" missed="0" covered="1"/></method><method name="viewMealForGuest" desc="(Ljava/util/Scanner;)V" line="1211"><counter type="INSTRUCTION" missed="0" covered="30"/><counter type="BRANCH" missed="0" covered="2"/><counter type="LINE" missed="0" covered="10"/><counter type="COMPLEXITY" missed="0" covered="2"/><counter type="METHOD" missed="0" covered="1"/></method><method name="About" desc="(Ljava/util/Scanner;)V" line="1238"><counter type="INSTRUCTION" missed="0" covered="46"/><counter type="BRANCH" missed="0" covered="2"/><counter type="LINE" missed="0" covered="16"/><counter type="COMPLEXITY" missed="0" covered="2"/><counter type="METHOD" missed="0" covered="1"/></method><method name="AboutForGuest" desc="(Ljava/util/Scanner;)V" line="1278"><counter type="INSTRUCTION" missed="0" covered="46"/><counter type="BRANCH" missed="0" covered="2"/><counter type="LINE" missed="0" covered="16"/><counter type="COMPLEXITY" missed="0" covered="2"/><counter type="METHOD" missed="0" covered="1"/></method><counter type="INSTRUCTION" missed="31" covered="1484"/><counter type="BRANCH" missed="8" covered="81"/><counter type="LINE" missed="6" covered="503"/><counter type="COMPLEXITY" missed="8" covered="79"/><counter type="METHOD" missed="0" covered="30"/><counter type="CLASS" missed="0" covered="1"/></class><class name="com/turankanbur/calculator/User" sourcefilename="User.java"><method name="&lt;init&gt;" desc="(Ljava/lang/String;Ljava/lang/String;)V" line="34"><counter type="INSTRUCTION" missed="0" covered="9"/><counter type="LINE" missed="0" covered="4"/><counter type="COMPLEXITY" missed="0" covered="1"/><counter type="METHOD" missed="0" covered="1"/></method><method name="getUsername" desc="()Ljava/lang/String;" line="45"><counter type="INSTRUCTION" missed="0" covered="3"/><counter type="LINE" missed="0" covered="1"/><counter type="COMPLEXITY" missed="0" covered="1"/><counter type="METHOD" missed="0" covered="1"/></method><method name="getPassword" desc="()Ljava/lang/String;" line="54"><counter type="INSTRUCTION" missed="0" covered="3"/><counter type="LINE" missed="0" covered="1"/><counter type="COMPLEXITY" missed="0" covered="1"/><counter type="METHOD" missed="0" covered="1"/></method><counter type="INSTRUCTION" missed="0" covered="15"/><counter type="LINE" missed="0" covered="6"/><counter type="COMPLEXITY" missed="0" covered="3"/><counter type="METHOD" missed="0" covered="3"/><counter type="CLASS" missed="0" covered="1"/></class><class name="com/turankanbur/calculator/IMainMeal" sourcefilename="Meal.java"/><class name="com/turankanbur/calculator/Meal" sourcefilename="Meal.java"><method name="&lt;init&gt;" desc="(Ljava/lang/String;Ljava/util/List;)V" line="107"><counter type="INSTRUCTION" missed="0" covered="11"/><counter type="LINE" missed="0" covered="5"/><counter type="COMPLEXITY" missed="0" covered="1"/><counter type="METHOD" missed="0" covered="1"/></method><method name="getName" desc="()Ljava/lang/String;" line="119"><counter type="INSTRUCTION" missed="0" covered="3"/><counter type="LINE" missed="0" covered="1"/><counter type="COMPLEXITY" missed="0" covered="1"/><counter type="METHOD" missed="0" covered="1"/></method><method name="getRecipes" desc="()Ljava/util/List;" line="128"><counter type="INSTRUCTION" missed="0" covered="3"/><counter type="LINE" missed="0" covered="1"/><counter type="COMPLEXITY" missed="0" covered="1"/><counter type="METHOD" missed="0" covered="1"/></method><method name="getTotalCost" desc="()D" line="137"><counter type="INSTRUCTION" missed="0" covered="3"/><counter type="LINE" missed="0" covered="1"/><counter type="COMPLEXITY" missed="0" covered="1"/><counter type="METHOD" missed="0" covered="1"/></method><method name="calculateTotalCost" desc="()V" line="144"><counter type="INSTRUCTION" missed="0" covered="23"/><counter type="BRANCH" missed="0" covered="2"/><counter type="LINE" missed="0" covered="5"/><counter type="COMPLEXITY" missed="0" covered="2"/><counter type="METHOD" missed="0" covered="1"/></method><counter type="INSTRUCTION" missed="0" covered="43"/><counter type="BRANCH" missed="0" covered="2"/><counter type="LINE" missed="0" covered="13"/><counter type="COMPLEXITY" missed="0" covered="6"/><counter type="METHOD" missed="0" covered="5"/><counter type="CLASS" missed="0" covered="1"/></class><class name="com/turankanbur/calculator/MealManagement" sourcefilename="MealManagement.java"><method name="&lt;init&gt;" desc="()V" line="32"><counter type="INSTRUCTION" missed="0" covered="8"/><counter type="LINE" missed="0" covered="3"/><counter type="COMPLEXITY" missed="0" covered="1"/><counter type="METHOD" missed="0" covered="1"/></method><method name="addMeal" desc="(Lcom/turankanbur/calculator/Meal;Ljava/lang/String;)V" line="45"><counter type="INSTRUCTION" missed="0" covered="13"/><counter type="LINE" missed="0" covered="4"/><counter type="COMPLEXITY" missed="0" covered="1"/><counter type="METHOD" missed="0" covered="1"/></method><method name="getMeals" desc="()Ljava/util/List;" line="60"><counter type="INSTRUCTION" missed="0" covered="3"/><counter type="LINE" missed="0" covered="1"/><counter type="COMPLEXITY" missed="0" covered="1"/><counter type="METHOD" missed="0" covered="1"/></method><method name="saveMealsToFile" desc="(Ljava/util/List;Ljava/lang/String;)V" line="71"><counter type="INSTRUCTION" missed="0" covered="35"/><counter type="BRANCH" missed="0" covered="2"/><counter type="LINE" missed="0" covered="10"/><counter type="COMPLEXITY" missed="0" covered="2"/><counter type="METHOD" missed="0" covered="1"/></method><method name="loadMealsFromFile" desc="(Ljava/lang/String;)Ljava/util/List;" line="92"><counter type="INSTRUCTION" missed="0" covered="32"/><counter type="LINE" missed="0" covered="11"/><counter type="COMPLEXITY" missed="0" covered="1"/><counter type="METHOD" missed="0" covered="1"/></method><method name="createMealFromUserInput" desc="(Ljava/lang/String;Ljava/util/List;Lcom/turankanbur/calculator/RecipeManagement;)V" line="125"><counter type="INSTRUCTION" missed="0" covered="39"/><counter type="BRANCH" missed="0" covered="2"/><counter type="LINE" missed="0" covered="9"/><counter type="COMPLEXITY" missed="0" covered="2"/><counter type="METHOD" missed="0" covered="1"/></method><method name="listMeals" desc="(Ljava/lang/String;)V" line="143"><counter type="INSTRUCTION" missed="0" covered="48"/><counter type="BRANCH" missed="0" covered="4"/><counter type="LINE" missed="0" covered="11"/><counter type="COMPLEXITY" missed="0" covered="3"/><counter type="METHOD" missed="0" covered="1"/></method><counter type="INSTRUCTION" missed="0" covered="178"/><counter type="BRANCH" missed="0" covered="8"/><counter type="LINE" missed="0" covered="49"/><counter type="COMPLEXITY" missed="0" covered="11"/><counter type="METHOD" missed="0" covered="7"/><counter type="CLASS" missed="0" covered="1"/></class><class name="com/turankanbur/calculator/RecipeManagement" sourcefilename="RecipeManagement.java"><method name="&lt;init&gt;" desc="()V" line="67"><counter type="INSTRUCTION" missed="0" covered="8"/><counter type="LINE" missed="0" covered="3"/><counter type="COMPLEXITY" missed="0" covered="1"/><counter type="METHOD" missed="0" covered="1"/></method><method name="addRecipe" desc="(Lcom/turankanbur/calculator/Recipe;Ljava/lang/String;)V" line="82"><counter type="INSTRUCTION" missed="0" covered="11"/><counter type="LINE" missed="0" covered="4"/><counter type="COMPLEXITY" missed="0" covered="1"/><counter type="METHOD" missed="0" covered="1"/></method><method name="getRecipes" desc="()Ljava/util/List;" line="97"><counter type="INSTRUCTION" missed="0" covered="3"/><counter type="LINE" missed="0" covered="1"/><counter type="COMPLEXITY" missed="0" covered="1"/><counter type="METHOD" missed="0" covered="1"/></method><method name="saveToFile" desc="(Ljava/util/List;Ljava/lang/String;)V" line="107"><counter type="INSTRUCTION" missed="0" covered="35"/><counter type="BRANCH" missed="0" covered="2"/><counter type="LINE" missed="0" covered="10"/><counter type="COMPLEXITY" missed="0" covered="2"/><counter type="METHOD" missed="0" covered="1"/></method><method name="loadFromFile" desc="(Ljava/lang/String;)Ljava/util/List;" line="127"><counter type="INSTRUCTION" missed="0" covered="37"/><counter type="LINE" missed="0" covered="12"/><counter type="COMPLEXITY" missed="0" covered="1"/><counter type="METHOD" missed="0" covered="1"/></method><method name="createRecipeFromUserInput" desc="(Ljava/util/List;Lcom/turankanbur/calculator/RecipeManagement;Ljava/lang/String;DLjava/util/List;)V" line="163"><counter type="INSTRUCTION" missed="0" covered="41"/><counter type="BRANCH" missed="0" covered="2"/><counter type="LINE" missed="0" covered="9"/><counter type="COMPLEXITY" missed="0" covered="2"/><counter type="METHOD" missed="0" covered="1"/></method><method name="listRecipes" desc="(Ljava/lang/String;)V" line="187"><counter type="INSTRUCTION" missed="0" covered="73"/><counter type="BRANCH" missed="0" covered="6"/><counter type="LINE" missed="0" covered="16"/><counter type="COMPLEXITY" missed="0" covered="4"/><counter type="METHOD" missed="0" covered="1"/></method><method name="setRecipes" desc="(Ljava/util/List;)V" line="216"><counter type="INSTRUCTION" missed="0" covered="4"/><counter type="LINE" missed="0" covered="2"/><counter type="COMPLEXITY" missed="0" covered="1"/><counter type="METHOD" missed="0" covered="1"/></method><counter type="INSTRUCTION" missed="0" covered="212"/><counter type="BRANCH" missed="0" covered="10"/><counter type="LINE" missed="0" covered="57"/><counter type="COMPLEXITY" missed="0" covered="13"/><counter type="METHOD" missed="0" covered="8"/><counter type="CLASS" missed="0" covered="1"/></class><class name="com/turankanbur/calculator/Recipe" sourcefilename="Recipe.java"><method name="&lt;init&gt;" desc="(Ljava/lang/String;Ljava/util/List;D)V" line="49"><counter type="INSTRUCTION" missed="0" covered="12"/><counter type="LINE" missed="0" covered="5"/><counter type="COMPLEXITY" missed="0" covered="1"/><counter type="METHOD" missed="0" covered="1"/></method><method name="getName" desc="()Ljava/lang/String;" line="61"><counter type="INSTRUCTION" missed="0" covered="3"/><counter type="LINE" missed="0" covered="1"/><counter type="COMPLEXITY" missed="0" covered="1"/><counter type="METHOD" missed="0" covered="1"/></method><method name="getIngredients" desc="()Ljava/util/List;" line="70"><counter type="INSTRUCTION" missed="0" covered="3"/><counter type="LINE" missed="0" covered="1"/><counter type="COMPLEXITY" missed="0" covered="1"/><counter type="METHOD" missed="0" covered="1"/></method><method name="getTotalCost" desc="()D" line="79"><counter type="INSTRUCTION" missed="0" covered="3"/><counter type="LINE" missed="0" covered="1"/><counter type="COMPLEXITY" missed="0" covered="1"/><counter type="METHOD" missed="0" covered="1"/></method><method name="getQuantity" desc="()I" line="88"><counter type="INSTRUCTION" missed="0" covered="3"/><counter type="LINE" missed="0" covered="1"/><counter type="COMPLEXITY" missed="0" covered="1"/><counter type="METHOD" missed="0" covered="1"/></method><method name="setQuantity" desc="(I)V" line="97"><counter type="INSTRUCTION" missed="0" covered="4"/><counter type="LINE" missed="0" covered="2"/><counter type="COMPLEXITY" missed="0" covered="1"/><counter type="METHOD" missed="0" covered="1"/></method><method name="setTotalCost" desc="(D)V" line="106"><counter type="INSTRUCTION" missed="0" covered="4"/><counter type="LINE" missed="0" covered="2"/><counter type="COMPLEXITY" missed="0" covered="1"/><counter type="METHOD" missed="0" covered="1"/></method><counter type="INSTRUCTION" missed="0" covered="32"/><counter type="LINE" missed="0" covered="13"/><counter type="COMPLEXITY" missed="0" covered="7"/><counter type="METHOD" missed="0" covered="7"/><counter type="CLASS" missed="0" covered="1"/></class><sourcefile name="IngredientManagement.java"><line nr="81" mi="0" ci="4" mb="0" cb="0"/><line nr="82" mi="0" ci="5" mb="0" cb="0"/><line nr="83" mi="0" ci="1" mb="0" cb="0"/><line nr="94" mi="0" ci="5" mb="0" cb="0"/><line nr="96" mi="0" ci="1" mb="0" cb="0"/><line nr="104" mi="0" ci="3" mb="0" cb="0"/><line nr="113" mi="0" ci="3" mb="0" cb="0"/><line nr="114" mi="0" ci="1" mb="0" cb="0"/><line nr="123" mi="0" ci="5" mb="0" cb="0"/><line nr="124" mi="0" ci="5" mb="0" cb="0"/><line nr="126" mi="0" ci="11" mb="0" cb="2"/><line nr="127" mi="0" ci="3" mb="0" cb="0"/><line nr="128" mi="0" ci="3" mb="0" cb="0"/><line nr="129" mi="0" ci="1" mb="0" cb="0"/><line nr="131" mi="0" ci="3" mb="0" cb="0"/><line nr="133" mi="0" ci="1" mb="0" cb="0"/><line nr="134" mi="0" ci="5" mb="0" cb="0"/><line nr="135" mi="0" ci="1" mb="0" cb="0"/><line nr="136" mi="0" ci="1" mb="0" cb="0"/><line nr="145" mi="0" ci="10" mb="0" cb="0"/><line nr="149" mi="0" ci="4" mb="0" cb="0"/><line nr="150" mi="0" ci="5" mb="0" cb="0"/><line nr="153" mi="0" ci="3" mb="0" cb="0"/><line nr="154" mi="0" ci="1" mb="0" cb="0"/><line nr="155" mi="0" ci="1" mb="0" cb="0"/><line nr="156" mi="0" ci="1" mb="0" cb="0"/><line nr="159" mi="0" ci="1" mb="0" cb="0"/><line nr="160" mi="0" ci="5" mb="0" cb="0"/><line nr="161" mi="0" ci="1" mb="0" cb="0"/><line nr="162" mi="0" ci="1" mb="0" cb="0"/><line nr="169" mi="0" ci="4" mb="0" cb="2"/><line nr="170" mi="0" ci="3" mb="0" cb="0"/><line nr="171" mi="0" ci="1" mb="0" cb="0"/><line nr="174" mi="0" ci="9" mb="0" cb="2"/><line nr="175" mi="0" ci="6" mb="0" cb="0"/><line nr="176" mi="0" ci="6" mb="0" cb="0"/><line nr="177" mi="0" ci="5" mb="0" cb="0"/><line nr="178" mi="0" ci="5" mb="0" cb="0"/><line nr="179" mi="0" ci="3" mb="0" cb="0"/><line nr="181" mi="0" ci="1" mb="0" cb="0"/><line nr="191" mi="0" ci="11" mb="0" cb="2"/><line nr="192" mi="0" ci="5" mb="0" cb="2"/><line nr="193" mi="0" ci="3" mb="0" cb="0"/><line nr="194" mi="0" ci="4" mb="0" cb="0"/><line nr="196" mi="0" ci="1" mb="0" cb="0"/><line nr="198" mi="0" ci="1" mb="0" cb="0"/><line nr="199" mi="0" ci="3" mb="0" cb="0"/><line nr="200" mi="0" ci="1" mb="0" cb="0"/><line nr="210" mi="0" ci="11" mb="0" cb="2"/><line nr="211" mi="0" ci="5" mb="0" cb="2"/><line nr="212" mi="0" ci="2" mb="0" cb="0"/><line nr="214" mi="0" ci="1" mb="0" cb="0"/><line nr="215" mi="0" ci="2" mb="0" cb="0"/><counter type="INSTRUCTION" missed="0" covered="188"/><counter type="BRANCH" missed="0" covered="14"/><counter type="LINE" missed="0" covered="53"/><counter type="COMPLEXITY" missed="0" covered="16"/><counter type="METHOD" missed="0" covered="9"/><counter type="CLASS" missed="0" covered="1"/></sourcefile><sourcefile name="Meal.java"><line nr="107" mi="0" ci="2" mb="0" cb="0"/><line nr="108" mi="0" ci="3" mb="0" cb="0"/><line nr="109" mi="0" ci="3" mb="0" cb="0"/><line nr="110" mi="0" ci="2" mb="0" cb="0"/><line nr="111" mi="0" ci="1" mb="0" cb="0"/><line nr="119" mi="0" ci="3" mb="0" cb="0"/><line nr="128" mi="0" ci="3" mb="0" cb="0"/><line nr="137" mi="0" ci="3" mb="0" cb="0"/><line nr="144" mi="0" ci="3" mb="0" cb="0"/><line nr="145" mi="0" ci="11" mb="0" cb="2"/><line nr="146" mi="0" ci="7" mb="0" cb="0"/><line nr="147" mi="0" ci="1" mb="0" cb="0"/><line nr="148" mi="0" ci="1" mb="0" cb="0"/><counter type="INSTRUCTION" missed="0" covered="43"/><counter type="BRANCH" missed="0" covered="2"/><counter type="LINE" missed="0" covered="13"/><counter type="COMPLEXITY" missed="0" covered="6"/><counter type="METHOD" missed="0" covered="5"/><counter type="CLASS" missed="0" covered="1"/></sourcefile><sourcefile name="Ingredient.java"><line nr="97" mi="0" ci="2" mb="0" cb="0"/><line nr="98" mi="0" ci="3" mb="0" cb="0"/><line nr="99" mi="0" ci="3" mb="0" cb="0"/><line nr="100" mi="0" ci="1" mb="0" cb="0"/><line nr="108" mi="0" ci="3" mb="0" cb="0"/><line nr="120" mi="0" ci="3" mb="0" cb="0"/><line nr="129" mi="0" ci="3" mb="0" cb="0"/><line nr="130" mi="0" ci="1" mb="0" cb="0"/><counter type="INSTRUCTION" missed="0" covered="19"/><counter type="LINE" missed="0" covered="8"/><counter type="COMPLEXITY" missed="0" covered="4"/><counter type="METHOD" missed="0" covered="4"/><counter type="CLASS" missed="0" covered="1"/></sourcefile><sourcefile name="MealManagement.java"><line nr="32" mi="0" ci="2" mb="0" cb="0"/><line nr="33" mi="0" ci="5" mb="0" cb="0"/><line nr="34" mi="0" ci="1" mb="0" cb="0"/><line nr="45" mi="0" ci="4" mb="0" cb="0"/><line nr="48" mi="0" ci="4" mb="0" cb="0"/><line nr="51" mi="0" ci="4" mb="0" cb="0"/><line nr="52" mi="0" ci="1" mb="0" cb="0"/><line nr="60" mi="0" ci="3" mb="0" cb="0"/><line nr="71" mi="0" ci="5" mb="0" cb="0"/><line nr="72" mi="0" ci="5" mb="0" cb="0"/><line nr="74" mi="0" ci="10" mb="0" cb="2"/><line nr="75" mi="0" ci="3" mb="0" cb="0"/><line nr="76" mi="0" ci="3" mb="0" cb="0"/><line nr="77" mi="0" ci="1" mb="0" cb="0"/><line nr="79" mi="0" ci="1" mb="0" cb="0"/><line nr="80" mi="0" ci="5" mb="0" cb="0"/><line nr="81" mi="0" ci="1" mb="0" cb="0"/><line nr="82" mi="0" ci="1" mb="0" cb="0"/><line nr="92" mi="0" ci="4" mb="0" cb="0"/><line nr="94" mi="0" ci="10" mb="0" cb="0"/><line nr="98" mi="0" ci="4" mb="0" cb="0"/><line nr="99" mi="0" ci="4" mb="0" cb="0"/><line nr="101" mi="0" ci="3" mb="0" cb="0"/><line nr="103" mi="0" ci="1" mb="0" cb="0"/><line nr="104" mi="0" ci="1" mb="0" cb="0"/><line nr="105" mi="0" ci="1" mb="0" cb="0"/><line nr="108" mi="0" ci="1" mb="0" cb="0"/><line nr="110" mi="0" ci="1" mb="0" cb="0"/><line nr="111" mi="0" ci="2" mb="0" cb="0"/><line nr="125" mi="0" ci="6" mb="0" cb="0"/><line nr="126" mi="0" ci="4" mb="0" cb="0"/><line nr="127" mi="0" ci="4" mb="0" cb="0"/><line nr="128" mi="0" ci="5" mb="0" cb="0"/><line nr="129" mi="0" ci="3" mb="0" cb="0"/><line nr="130" mi="0" ci="10" mb="0" cb="2"/><line nr="131" mi="0" ci="5" mb="0" cb="0"/><line nr="132" mi="0" ci="1" mb="0" cb="0"/><line nr="133" mi="0" ci="1" mb="0" cb="0"/><line nr="143" mi="0" ci="5" mb="0" cb="0"/><line nr="145" mi="0" ci="4" mb="0" cb="2"/><line nr="146" mi="0" ci="3" mb="0" cb="0"/><line nr="147" mi="0" ci="1" mb="0" cb="0"/><line nr="150" mi="0" ci="9" mb="0" cb="2"/><line nr="151" mi="0" ci="6" mb="0" cb="0"/><line nr="152" mi="0" ci="6" mb="0" cb="0"/><line nr="153" mi="0" ci="5" mb="0" cb="0"/><line nr="154" mi="0" ci="5" mb="0" cb="0"/><line nr="157" mi="0" ci="3" mb="0" cb="0"/><line nr="158" mi="0" ci="1" mb="0" cb="0"/><counter type="INSTRUCTION" missed="0" covered="178"/><counter type="BRANCH" missed="0" covered="8"/><counter type="LINE" missed="0" covered="49"/><counter type="COMPLEXITY" missed="0" covered="11"/><counter type="METHOD" missed="0" covered="7"/><counter type="CLASS" missed="0" covered="1"/></sourcefile><sourcefile name="User.java"><line nr="34" mi="0" ci="2" mb="0" cb="0"/><line nr="35" mi="0" ci="3" mb="0" cb="0"/><line nr="36" mi="0" ci="3" mb="0" cb="0"/><line nr="37" mi="0" ci="1" mb="0" cb="0"/><line nr="45" mi="0" ci="3" mb="0" cb="0"/><line nr="54" mi="0" ci="3" mb="0" cb="0"/><counter type="INSTRUCTION" missed="0" covered="15"/><counter type="LINE" missed="0" covered="6"/><counter type="COMPLEXITY" missed="0" covered="3"/><counter type="METHOD" missed="0" covered="3"/><counter type="CLASS" missed="0" covered="1"/></sourcefile><sourcefile name="Recipe.java"><line nr="49" mi="0" ci="2" mb="0" cb="0"/><line nr="50" mi="0" ci="3" mb="0" cb="0"/><line nr="51" mi="0" ci="3" mb="0" cb="0"/><line nr="52" mi="0" ci="3" mb="0" cb="0"/><line nr="53" mi="0" ci="1" mb="0" cb="0"/><line nr="61" mi="0" ci="3" mb="0" cb="0"/><line nr="70" mi="0" ci="3" mb="0" cb="0"/><line nr="79" mi="0" ci="3" mb="0" cb="0"/><line nr="88" mi="0" ci="3" mb="0" cb="0"/><line nr="97" mi="0" ci="3" mb="0" cb="0"/><line nr="98" mi="0" ci="1" mb="0" cb="0"/><line nr="106" mi="0" ci="3" mb="0" cb="0"/><line nr="107" mi="0" ci="1" mb="0" cb="0"/><counter type="INSTRUCTION" missed="0" covered="32"/><counter type="LINE" missed="0" covered="13"/><counter type="COMPLEXITY" missed="0" covered="7"/><counter type="METHOD" missed="0" covered="7"/><counter type="CLASS" missed="0" covered="1"/></sourcefile><sourcefile name="Menu.java"><line nr="65" mi="0" ci="3" mb="0" cb="0"/><line nr="80" mi="0" ci="4" mb="0" cb="0"/><line nr="81" mi="0" ci="5" mb="0" cb="0"/><line nr="82" mi="0" ci="4" mb="0" cb="0"/><line nr="83" mi="0" ci="1" mb="0" cb="0"/><line nr="103" mi="21" ci="0" mb="0" cb="0"/><line nr="104" mi="0" ci="1" mb="0" cb="0"/><line nr="105" mi="0" ci="2" mb="0" cb="0"/><line nr="106" mi="1" ci="0" mb="0" cb="0"/><line nr="108" mi="0" ci="1" mb="0" cb="0"/><line nr="117" mi="0" ci="2" mb="0" cb="0"/><line nr="119" mi="0" ci="3" mb="0" cb="0"/><line nr="121" mi="0" ci="3" mb="0" cb="0"/><line nr="123" mi="0" ci="3" mb="0" cb="0"/><line nr="125" mi="0" ci="3" mb="0" cb="0"/><line nr="127" mi="0" ci="3" mb="0" cb="0"/><line nr="129" mi="0" ci="3" mb="0" cb="0"/><line nr="131" mi="0" ci="3" mb="0" cb="0"/><line nr="133" mi="0" ci="3" mb="0" cb="0"/><line nr="135" mi="0" ci="3" mb="0" cb="0"/><line nr="136" mi="0" ci="2" mb="0" cb="0"/><line nr="137" mi="0" ci="8" mb="0" cb="5"/><line nr="141" mi="0" ci="3" mb="0" cb="0"/><line nr="142" mi="0" ci="1" mb="0" cb="0"/><line nr="146" mi="0" ci="3" mb="0" cb="0"/><line nr="147" mi="0" ci="1" mb="0" cb="0"/><line nr="151" mi="0" ci="3" mb="0" cb="0"/><line nr="152" mi="0" ci="1" mb="0" cb="0"/><line nr="156" mi="0" ci="2" mb="0" cb="0"/><line nr="158" mi="0" ci="1" mb="0" cb="0"/><line nr="160" mi="0" ci="3" mb="0" cb="0"/><line nr="161" mi="0" ci="4" mb="0" cb="0"/><line nr="163" mi="0" ci="2" mb="0" cb="0"/><line nr="164" mi="0" ci="2" mb="0" cb="0"/><line nr="174" mi="0" ci="2" mb="0" cb="0"/><line nr="176" mi="0" ci="3" mb="0" cb="0"/><line nr="178" mi="0" ci="3" mb="0" cb="0"/><line nr="180" mi="0" ci="3" mb="0" cb="0"/><line nr="182" mi="0" ci="3" mb="0" cb="0"/><line nr="183" mi="0" ci="3" mb="0" cb="0"/><line nr="185" mi="0" ci="3" mb="0" cb="0"/><line nr="186" mi="0" ci="3" mb="0" cb="0"/><line nr="188" mi="0" ci="8" mb="0" cb="0"/><line nr="189" mi="0" ci="7" mb="0" cb="0"/><line nr="191" mi="0" ci="3" mb="0" cb="0"/><line nr="192" mi="1" ci="0" mb="0" cb="0"/><line nr="194" mi="0" ci="1" mb="0" cb="0"/><line nr="196" mi="0" ci="4" mb="0" cb="0"/><line nr="197" mi="0" ci="2" mb="0" cb="0"/><line nr="198" mi="0" ci="1" mb="0" cb="0"/><line nr="207" mi="0" ci="2" mb="0" cb="0"/><line nr="209" mi="0" ci="3" mb="0" cb="0"/><line nr="211" mi="0" ci="3" mb="0" cb="0"/><line nr="213" mi="0" ci="3" mb="0" cb="0"/><line nr="215" mi="0" ci="3" mb="0" cb="0"/><line nr="216" mi="0" ci="3" mb="0" cb="0"/><line nr="218" mi="0" ci="3" mb="0" cb="0"/><line nr="219" mi="0" ci="3" mb="0" cb="0"/><line nr="221" mi="0" ci="8" mb="0" cb="0"/><line nr="223" mi="0" ci="6" mb="1" cb="1"/><line nr="224" mi="0" ci="10" mb="2" cb="2"/><line nr="226" mi="0" ci="2" mb="0" cb="0"/><line nr="227" mi="0" ci="3" mb="0" cb="0"/><line nr="228" mi="0" ci="1" mb="0" cb="0"/><line nr="231" mi="0" ci="3" mb="0" cb="0"/><line nr="232" mi="0" ci="3" mb="0" cb="0"/><line nr="233" mi="1" ci="0" mb="0" cb="0"/><line nr="235" mi="0" ci="3" mb="0" cb="0"/><line nr="236" mi="0" ci="4" mb="0" cb="0"/><line nr="237" mi="0" ci="2" mb="0" cb="0"/><line nr="239" mi="0" ci="1" mb="0" cb="0"/><line nr="247" mi="0" ci="2" mb="0" cb="0"/><line nr="249" mi="0" ci="3" mb="0" cb="0"/><line nr="251" mi="0" ci="3" mb="0" cb="0"/><line nr="253" mi="0" ci="3" mb="0" cb="0"/><line nr="256" mi="0" ci="2" mb="0" cb="0"/><line nr="258" mi="0" ci="3" mb="0" cb="0"/><line nr="260" mi="0" ci="3" mb="0" cb="0"/><line nr="262" mi="0" ci="3" mb="0" cb="0"/><line nr="264" mi="0" ci="3" mb="0" cb="0"/><line nr="266" mi="0" ci="3" mb="0" cb="0"/><line nr="268" mi="0" ci="3" mb="0" cb="0"/><line nr="270" mi="0" ci="3" mb="0" cb="0"/><line nr="271" mi="0" ci="1" mb="0" cb="0"/><line nr="281" mi="0" ci="2" mb="0" cb="0"/><line nr="285" mi="0" ci="3" mb="0" cb="0"/><line nr="287" mi="0" ci="3" mb="0" cb="0"/><line nr="289" mi="0" ci="3" mb="0" cb="0"/><line nr="291" mi="0" ci="3" mb="0" cb="0"/><line nr="293" mi="0" ci="3" mb="0" cb="0"/><line nr="295" mi="0" ci="3" mb="0" cb="0"/><line nr="296" mi="0" ci="3" mb="0" cb="0"/><line nr="298" mi="0" ci="1" mb="0" cb="0"/><line nr="310" mi="0" ci="2" mb="0" cb="0"/><line nr="314" mi="0" ci="3" mb="0" cb="0"/><line nr="316" mi="0" ci="3" mb="0" cb="0"/><line nr="318" mi="0" ci="3" mb="0" cb="0"/><line nr="320" mi="0" ci="3" mb="0" cb="0"/><line nr="322" mi="0" ci="3" mb="0" cb="0"/><line nr="324" mi="0" ci="3" mb="0" cb="0"/><line nr="326" mi="0" ci="3" mb="0" cb="0"/><line nr="327" mi="0" ci="1" mb="0" cb="0"/><line nr="336" mi="0" ci="3" mb="0" cb="0"/><line nr="337" mi="0" ci="3" mb="0" cb="0"/><line nr="339" mi="0" ci="8" mb="0" cb="6"/><line nr="343" mi="0" ci="3" mb="0" cb="0"/><line nr="344" mi="0" ci="1" mb="0" cb="0"/><line nr="348" mi="0" ci="3" mb="0" cb="0"/><line nr="349" mi="0" ci="1" mb="0" cb="0"/><line nr="353" mi="0" ci="3" mb="0" cb="0"/><line nr="354" mi="0" ci="1" mb="0" cb="0"/><line nr="359" mi="0" ci="3" mb="0" cb="0"/><line nr="360" mi="0" ci="1" mb="0" cb="0"/><line nr="364" mi="0" ci="1" mb="0" cb="0"/><line nr="366" mi="0" ci="3" mb="0" cb="0"/><line nr="367" mi="0" ci="3" mb="0" cb="0"/><line nr="370" mi="0" ci="2" mb="0" cb="0"/><line nr="372" mi="0" ci="1" mb="0" cb="0"/><line nr="383" mi="0" ci="3" mb="0" cb="0"/><line nr="384" mi="0" ci="3" mb="0" cb="0"/><line nr="386" mi="0" ci="8" mb="0" cb="6"/><line nr="390" mi="0" ci="3" mb="0" cb="0"/><line nr="391" mi="0" ci="1" mb="0" cb="0"/><line nr="395" mi="0" ci="3" mb="0" cb="0"/><line nr="396" mi="0" ci="1" mb="0" cb="0"/><line nr="400" mi="0" ci="3" mb="0" cb="0"/><line nr="401" mi="0" ci="1" mb="0" cb="0"/><line nr="406" mi="0" ci="2" mb="0" cb="0"/><line nr="407" mi="0" ci="3" mb="0" cb="0"/><line nr="408" mi="0" ci="1" mb="0" cb="0"/><line nr="413" mi="0" ci="1" mb="0" cb="0"/><line nr="415" mi="0" ci="3" mb="0" cb="0"/><line nr="416" mi="0" ci="3" mb="0" cb="0"/><line nr="420" mi="0" ci="2" mb="0" cb="0"/><line nr="423" mi="0" ci="1" mb="0" cb="0"/><line nr="432" mi="0" ci="2" mb="0" cb="0"/><line nr="434" mi="0" ci="3" mb="0" cb="0"/><line nr="435" mi="0" ci="3" mb="0" cb="0"/><line nr="436" mi="0" ci="3" mb="0" cb="0"/><line nr="437" mi="0" ci="3" mb="0" cb="0"/><line nr="438" mi="0" ci="3" mb="0" cb="0"/><line nr="439" mi="0" ci="3" mb="0" cb="0"/><line nr="440" mi="0" ci="3" mb="0" cb="0"/><line nr="441" mi="0" ci="3" mb="0" cb="0"/><line nr="443" mi="0" ci="3" mb="0" cb="0"/><line nr="445" mi="0" ci="3" mb="0" cb="0"/><line nr="447" mi="0" ci="8" mb="0" cb="6"/><line nr="451" mi="0" ci="2" mb="0" cb="0"/><line nr="452" mi="0" ci="3" mb="0" cb="0"/><line nr="453" mi="0" ci="1" mb="0" cb="0"/><line nr="457" mi="0" ci="2" mb="0" cb="0"/><line nr="458" mi="0" ci="3" mb="0" cb="0"/><line nr="459" mi="0" ci="1" mb="0" cb="0"/><line nr="463" mi="0" ci="3" mb="0" cb="0"/><line nr="464" mi="0" ci="1" mb="0" cb="0"/><line nr="468" mi="0" ci="3" mb="0" cb="0"/><line nr="469" mi="0" ci="1" mb="0" cb="0"/><line nr="473" mi="0" ci="2" mb="0" cb="0"/><line nr="474" mi="0" ci="3" mb="0" cb="0"/><line nr="475" mi="0" ci="1" mb="0" cb="0"/><line nr="478" mi="0" ci="3" mb="0" cb="0"/><line nr="479" mi="0" ci="3" mb="0" cb="0"/><line nr="483" mi="0" ci="2" mb="0" cb="0"/><line nr="485" mi="0" ci="1" mb="0" cb="0"/><line nr="495" mi="0" ci="2" mb="0" cb="0"/><line nr="497" mi="0" ci="3" mb="0" cb="0"/><line nr="499" mi="0" ci="3" mb="0" cb="0"/><line nr="501" mi="0" ci="3" mb="0" cb="0"/><line nr="503" mi="0" ci="3" mb="0" cb="0"/><line nr="505" mi="0" ci="3" mb="0" cb="0"/><line nr="507" mi="0" ci="3" mb="0" cb="0"/><line nr="509" mi="0" ci="3" mb="0" cb="0"/><line nr="511" mi="0" ci="8" mb="0" cb="3"/><line nr="516" mi="0" ci="2" mb="0" cb="0"/><line nr="517" mi="0" ci="3" mb="0" cb="0"/><line nr="518" mi="0" ci="1" mb="0" cb="0"/><line nr="523" mi="0" ci="2" mb="0" cb="0"/><line nr="524" mi="0" ci="3" mb="0" cb="0"/><line nr="525" mi="0" ci="1" mb="0" cb="0"/><line nr="528" mi="0" ci="3" mb="0" cb="0"/><line nr="529" mi="0" ci="3" mb="0" cb="0"/><line nr="532" mi="0" ci="2" mb="0" cb="0"/><line nr="533" mi="0" ci="1" mb="0" cb="0"/><line nr="543" mi="0" ci="2" mb="0" cb="0"/><line nr="545" mi="0" ci="3" mb="0" cb="0"/><line nr="547" mi="0" ci="3" mb="0" cb="0"/><line nr="549" mi="0" ci="3" mb="0" cb="0"/><line nr="551" mi="0" ci="3" mb="0" cb="0"/><line nr="553" mi="0" ci="3" mb="0" cb="0"/><line nr="555" mi="0" ci="3" mb="0" cb="0"/><line nr="557" mi="0" ci="3" mb="0" cb="0"/><line nr="559" mi="0" ci="3" mb="0" cb="0"/><line nr="561" mi="0" ci="3" mb="0" cb="0"/><line nr="563" mi="0" ci="8" mb="0" cb="5"/><line nr="568" mi="0" ci="3" mb="0" cb="0"/><line nr="569" mi="0" ci="1" mb="0" cb="0"/><line nr="574" mi="0" ci="2" mb="0" cb="0"/><line nr="575" mi="0" ci="3" mb="0" cb="0"/><line nr="576" mi="0" ci="3" mb="0" cb="0"/><line nr="577" mi="0" ci="1" mb="0" cb="0"/><line nr="582" mi="0" ci="3" mb="0" cb="0"/><line nr="583" mi="0" ci="1" mb="0" cb="0"/><line nr="588" mi="0" ci="2" mb="0" cb="0"/><line nr="589" mi="0" ci="3" mb="0" cb="0"/><line nr="590" mi="0" ci="1" mb="0" cb="0"/><line nr="593" mi="0" ci="3" mb="0" cb="0"/><line nr="594" mi="0" ci="3" mb="0" cb="0"/><line nr="596" mi="0" ci="2" mb="0" cb="0"/><line nr="597" mi="0" ci="1" mb="0" cb="0"/><line nr="607" mi="0" ci="4" mb="0" cb="0"/><line nr="608" mi="0" ci="2" mb="0" cb="0"/><line nr="610" mi="0" ci="3" mb="0" cb="0"/><line nr="612" mi="0" ci="3" mb="0" cb="0"/><line nr="614" mi="0" ci="3" mb="0" cb="0"/><line nr="616" mi="0" ci="3" mb="0" cb="0"/><line nr="618" mi="0" ci="3" mb="0" cb="0"/><line nr="620" mi="0" ci="3" mb="0" cb="0"/><line nr="622" mi="0" ci="3" mb="0" cb="0"/><line nr="624" mi="0" ci="8" mb="0" cb="3"/><line nr="629" mi="0" ci="3" mb="0" cb="0"/><line nr="630" mi="0" ci="1" mb="0" cb="0"/><line nr="635" mi="0" ci="2" mb="0" cb="0"/><line nr="636" mi="0" ci="3" mb="0" cb="0"/><line nr="637" mi="0" ci="1" mb="0" cb="0"/><line nr="640" mi="0" ci="3" mb="0" cb="0"/><line nr="641" mi="0" ci="3" mb="0" cb="0"/><line nr="643" mi="0" ci="2" mb="0" cb="0"/><line nr="645" mi="0" ci="1" mb="0" cb="0"/><line nr="655" mi="0" ci="2" mb="0" cb="0"/><line nr="657" mi="0" ci="3" mb="0" cb="0"/><line nr="659" mi="0" ci="3" mb="0" cb="0"/><line nr="661" mi="0" ci="3" mb="0" cb="0"/><line nr="663" mi="0" ci="3" mb="0" cb="0"/><line nr="665" mi="0" ci="3" mb="0" cb="0"/><line nr="667" mi="0" ci="3" mb="0" cb="0"/><line nr="670" mi="0" ci="3" mb="0" cb="0"/><line nr="672" mi="0" ci="3" mb="0" cb="0"/><line nr="674" mi="0" ci="8" mb="0" cb="4"/><line nr="679" mi="0" ci="2" mb="0" cb="0"/><line nr="680" mi="0" ci="3" mb="0" cb="0"/><line nr="681" mi="0" ci="1" mb="0" cb="0"/><line nr="686" mi="0" ci="2" mb="0" cb="0"/><line nr="687" mi="0" ci="3" mb="0" cb="0"/><line nr="688" mi="0" ci="1" mb="0" cb="0"/><line nr="693" mi="0" ci="2" mb="0" cb="0"/><line nr="694" mi="0" ci="3" mb="0" cb="0"/><line nr="695" mi="0" ci="1" mb="0" cb="0"/><line nr="698" mi="0" ci="3" mb="0" cb="0"/><line nr="699" mi="0" ci="3" mb="0" cb="0"/><line nr="701" mi="0" ci="2" mb="0" cb="0"/><line nr="702" mi="0" ci="1" mb="0" cb="0"/><line nr="712" mi="0" ci="2" mb="0" cb="0"/><line nr="714" mi="0" ci="3" mb="0" cb="0"/><line nr="716" mi="0" ci="3" mb="0" cb="0"/><line nr="718" mi="0" ci="3" mb="0" cb="0"/><line nr="720" mi="0" ci="3" mb="0" cb="0"/><line nr="722" mi="0" ci="3" mb="0" cb="0"/><line nr="724" mi="0" ci="3" mb="0" cb="0"/><line nr="726" mi="0" ci="3" mb="0" cb="0"/><line nr="728" mi="0" ci="8" mb="0" cb="3"/><line nr="733" mi="0" ci="2" mb="0" cb="0"/><line nr="734" mi="0" ci="3" mb="0" cb="0"/><line nr="735" mi="0" ci="1" mb="0" cb="0"/><line nr="740" mi="0" ci="2" mb="0" cb="0"/><line nr="741" mi="0" ci="3" mb="0" cb="0"/><line nr="742" mi="0" ci="1" mb="0" cb="0"/><line nr="745" mi="0" ci="3" mb="0" cb="0"/><line nr="746" mi="0" ci="3" mb="0" cb="0"/><line nr="749" mi="0" ci="2" mb="0" cb="0"/><line nr="750" mi="0" ci="1" mb="0" cb="0"/><line nr="761" mi="0" ci="2" mb="0" cb="0"/><line nr="763" mi="0" ci="3" mb="0" cb="0"/><line nr="765" mi="0" ci="3" mb="0" cb="0"/><line nr="767" mi="0" ci="3" mb="0" cb="0"/><line nr="768" mi="0" ci="3" mb="0" cb="0"/><line nr="769" mi="0" ci="3" mb="0" cb="0"/><line nr="770" mi="0" ci="3" mb="0" cb="0"/><line nr="772" mi="0" ci="3" mb="0" cb="0"/><line nr="773" mi="0" ci="3" mb="0" cb="0"/><line nr="775" mi="0" ci="6" mb="0" cb="0"/><line nr="777" mi="0" ci="6" mb="0" cb="0"/><line nr="778" mi="0" ci="3" mb="0" cb="0"/><line nr="780" mi="0" ci="4" mb="0" cb="0"/><line nr="782" mi="0" ci="3" mb="0" cb="0"/><line nr="784" mi="0" ci="3" mb="0" cb="0"/><line nr="786" mi="0" ci="2" mb="0" cb="0"/><line nr="787" mi="0" ci="1" mb="0" cb="0"/><line nr="797" mi="0" ci="2" mb="0" cb="0"/><line nr="800" mi="0" ci="6" mb="0" cb="0"/><line nr="802" mi="0" ci="3" mb="0" cb="0"/><line nr="803" mi="0" ci="2" mb="0" cb="0"/><line nr="807" mi="0" ci="3" mb="0" cb="0"/><line nr="809" mi="0" ci="3" mb="0" cb="0"/><line nr="811" mi="0" ci="4" mb="1" cb="1"/><line nr="812" mi="0" ci="3" mb="0" cb="0"/><line nr="815" mi="0" ci="2" mb="0" cb="0"/><line nr="816" mi="0" ci="1" mb="0" cb="0"/><line nr="826" mi="0" ci="2" mb="0" cb="0"/><line nr="829" mi="0" ci="6" mb="0" cb="0"/><line nr="831" mi="0" ci="3" mb="0" cb="0"/><line nr="832" mi="0" ci="2" mb="0" cb="0"/><line nr="836" mi="0" ci="3" mb="0" cb="0"/><line nr="838" mi="0" ci="3" mb="0" cb="0"/><line nr="840" mi="0" ci="4" mb="0" cb="2"/><line nr="841" mi="0" ci="4" mb="0" cb="0"/><line nr="843" mi="0" ci="3" mb="0" cb="0"/><line nr="844" mi="0" ci="3" mb="0" cb="0"/><line nr="846" mi="0" ci="2" mb="0" cb="0"/><line nr="847" mi="0" ci="1" mb="0" cb="0"/><line nr="859" mi="0" ci="2" mb="0" cb="0"/><line nr="863" mi="0" ci="3" mb="0" cb="0"/><line nr="865" mi="0" ci="3" mb="0" cb="0"/><line nr="867" mi="0" ci="3" mb="0" cb="0"/><line nr="868" mi="0" ci="6" mb="0" cb="0"/><line nr="870" mi="0" ci="3" mb="0" cb="0"/><line nr="872" mi="0" ci="2" mb="0" cb="0"/><line nr="873" mi="0" ci="3" mb="0" cb="0"/><line nr="875" mi="0" ci="3" mb="0" cb="0"/><line nr="877" mi="0" ci="3" mb="0" cb="0"/><line nr="882" mi="0" ci="6" mb="0" cb="0"/><line nr="883" mi="0" ci="3" mb="0" cb="0"/><line nr="887" mi="0" ci="4" mb="0" cb="0"/><line nr="889" mi="0" ci="2" mb="0" cb="2"/><line nr="892" mi="0" ci="3" mb="0" cb="0"/><line nr="894" mi="0" ci="3" mb="0" cb="0"/><line nr="898" mi="0" ci="3" mb="0" cb="0"/><line nr="901" mi="0" ci="3" mb="0" cb="0"/><line nr="904" mi="0" ci="1" mb="0" cb="0"/><line nr="905" mi="0" ci="3" mb="0" cb="0"/><line nr="907" mi="0" ci="2" mb="0" cb="0"/><line nr="909" mi="0" ci="3" mb="0" cb="0"/><line nr="911" mi="0" ci="3" mb="0" cb="0"/><line nr="913" mi="0" ci="3" mb="0" cb="0"/><line nr="915" mi="0" ci="3" mb="0" cb="0"/><line nr="917" mi="0" ci="8" mb="1" cb="2"/><line nr="920" mi="0" ci="3" mb="0" cb="0"/><line nr="921" mi="0" ci="1" mb="0" cb="0"/><line nr="925" mi="3" ci="0" mb="0" cb="0"/><line nr="929" mi="0" ci="2" mb="0" cb="0"/><line nr="930" mi="0" ci="1" mb="0" cb="0"/><line nr="943" mi="0" ci="2" mb="0" cb="0"/><line nr="945" mi="0" ci="6" mb="0" cb="0"/><line nr="947" mi="0" ci="3" mb="0" cb="0"/><line nr="949" mi="0" ci="3" mb="0" cb="0"/><line nr="951" mi="0" ci="3" mb="0" cb="0"/><line nr="953" mi="0" ci="3" mb="0" cb="0"/><line nr="954" mi="0" ci="2" mb="0" cb="0"/><line nr="955" mi="0" ci="3" mb="0" cb="0"/><line nr="957" mi="0" ci="3" mb="0" cb="0"/><line nr="959" mi="0" ci="3" mb="0" cb="0"/><line nr="963" mi="0" ci="6" mb="0" cb="0"/><line nr="966" mi="0" ci="3" mb="0" cb="0"/><line nr="969" mi="0" ci="4" mb="0" cb="0"/><line nr="971" mi="0" ci="2" mb="0" cb="2"/><line nr="973" mi="0" ci="5" mb="0" cb="0"/><line nr="976" mi="0" ci="3" mb="0" cb="0"/><line nr="977" mi="0" ci="4" mb="0" cb="0"/><line nr="979" mi="0" ci="3" mb="0" cb="0"/><line nr="982" mi="0" ci="2" mb="0" cb="0"/><line nr="984" mi="0" ci="3" mb="0" cb="0"/><line nr="986" mi="0" ci="3" mb="0" cb="0"/><line nr="988" mi="0" ci="3" mb="0" cb="0"/><line nr="990" mi="0" ci="3" mb="0" cb="0"/><line nr="992" mi="0" ci="8" mb="1" cb="2"/><line nr="995" mi="0" ci="3" mb="0" cb="0"/><line nr="996" mi="0" ci="1" mb="0" cb="0"/><line nr="999" mi="0" ci="3" mb="0" cb="0"/><line nr="1003" mi="0" ci="2" mb="0" cb="0"/><line nr="1004" mi="0" ci="1" mb="0" cb="0"/><line nr="1016" mi="0" ci="3" mb="0" cb="0"/><line nr="1017" mi="0" ci="6" mb="0" cb="0"/><line nr="1019" mi="0" ci="3" mb="0" cb="0"/><line nr="1022" mi="0" ci="3" mb="0" cb="0"/><line nr="1025" mi="0" ci="3" mb="0" cb="0"/><line nr="1026" mi="0" ci="8" mb="0" cb="2"/><line nr="1027" mi="0" ci="5" mb="0" cb="0"/><line nr="1028" mi="0" ci="10" mb="0" cb="0"/><line nr="1031" mi="0" ci="4" mb="0" cb="0"/><line nr="1032" mi="0" ci="2" mb="0" cb="0"/><line nr="1033" mi="0" ci="3" mb="0" cb="0"/><line nr="1035" mi="0" ci="3" mb="0" cb="0"/><line nr="1036" mi="0" ci="3" mb="0" cb="0"/><line nr="1037" mi="0" ci="4" mb="0" cb="2"/><line nr="1038" mi="0" ci="1" mb="0" cb="0"/><line nr="1041" mi="0" ci="5" mb="0" cb="0"/><line nr="1042" mi="0" ci="6" mb="0" cb="4"/><line nr="1043" mi="0" ci="3" mb="0" cb="0"/><line nr="1044" mi="0" ci="1" mb="0" cb="0"/><line nr="1046" mi="0" ci="5" mb="0" cb="0"/><line nr="1047" mi="0" ci="5" mb="0" cb="0"/><line nr="1048" mi="0" ci="4" mb="0" cb="0"/><line nr="1051" mi="0" ci="6" mb="0" cb="0"/><line nr="1052" mi="0" ci="4" mb="0" cb="0"/><line nr="1054" mi="0" ci="4" mb="0" cb="0"/><line nr="1055" mi="0" ci="1" mb="0" cb="0"/><line nr="1056" mi="0" ci="3" mb="0" cb="0"/><line nr="1057" mi="0" ci="1" mb="0" cb="0"/><line nr="1059" mi="0" ci="1" mb="0" cb="0"/><line nr="1060" mi="0" ci="3" mb="0" cb="0"/><line nr="1061" mi="0" ci="3" mb="0" cb="0"/><line nr="1062" mi="0" ci="4" mb="0" cb="0"/><line nr="1063" mi="0" ci="6" mb="0" cb="0"/><line nr="1066" mi="0" ci="3" mb="0" cb="0"/><line nr="1068" mi="0" ci="2" mb="0" cb="0"/><line nr="1070" mi="0" ci="1" mb="0" cb="0"/><line nr="1080" mi="0" ci="4" mb="0" cb="0"/><line nr="1082" mi="0" ci="3" mb="0" cb="0"/><line nr="1084" mi="0" ci="3" mb="0" cb="0"/><line nr="1086" mi="0" ci="3" mb="0" cb="0"/><line nr="1088" mi="0" ci="4" mb="1" cb="1"/><line nr="1089" mi="4" ci="0" mb="0" cb="0"/><line nr="1091" mi="0" ci="3" mb="0" cb="0"/><line nr="1092" mi="0" ci="3" mb="0" cb="0"/><line nr="1094" mi="0" ci="2" mb="0" cb="0"/><line nr="1095" mi="0" ci="1" mb="0" cb="0"/><line nr="1104" mi="0" ci="4" mb="0" cb="0"/><line nr="1106" mi="0" ci="3" mb="0" cb="0"/><line nr="1108" mi="0" ci="3" mb="0" cb="0"/><line nr="1110" mi="0" ci="3" mb="0" cb="0"/><line nr="1112" mi="0" ci="4" mb="0" cb="2"/><line nr="1113" mi="0" ci="4" mb="0" cb="0"/><line nr="1115" mi="0" ci="3" mb="0" cb="0"/><line nr="1116" mi="0" ci="3" mb="0" cb="0"/><line nr="1118" mi="0" ci="2" mb="0" cb="0"/><line nr="1119" mi="0" ci="1" mb="0" cb="0"/><line nr="1130" mi="0" ci="3" mb="0" cb="0"/><line nr="1132" mi="0" ci="4" mb="0" cb="0"/><line nr="1133" mi="0" ci="3" mb="0" cb="0"/><line nr="1134" mi="0" ci="3" mb="0" cb="0"/><line nr="1135" mi="0" ci="3" mb="0" cb="0"/><line nr="1137" mi="0" ci="3" mb="0" cb="0"/><line nr="1138" mi="0" ci="8" mb="0" cb="2"/><line nr="1139" mi="0" ci="5" mb="0" cb="0"/><line nr="1140" mi="0" ci="8" mb="0" cb="0"/><line nr="1142" mi="0" ci="4" mb="0" cb="0"/><line nr="1144" mi="0" ci="3" mb="0" cb="0"/><line nr="1145" mi="0" ci="3" mb="0" cb="0"/><line nr="1147" mi="0" ci="4" mb="0" cb="2"/><line nr="1148" mi="0" ci="1" mb="0" cb="0"/><line nr="1152" mi="0" ci="5" mb="0" cb="0"/><line nr="1153" mi="0" ci="6" mb="1" cb="3"/><line nr="1154" mi="0" ci="3" mb="0" cb="0"/><line nr="1155" mi="0" ci="1" mb="0" cb="0"/><line nr="1158" mi="0" ci="5" mb="0" cb="0"/><line nr="1159" mi="0" ci="4" mb="0" cb="0"/><line nr="1161" mi="0" ci="1" mb="0" cb="0"/><line nr="1162" mi="0" ci="3" mb="0" cb="0"/><line nr="1163" mi="0" ci="1" mb="0" cb="0"/><line nr="1164" mi="0" ci="1" mb="0" cb="0"/><line nr="1166" mi="0" ci="3" mb="0" cb="0"/><line nr="1167" mi="0" ci="3" mb="0" cb="0"/><line nr="1168" mi="0" ci="4" mb="0" cb="0"/><line nr="1169" mi="0" ci="5" mb="0" cb="0"/><line nr="1170" mi="0" ci="3" mb="0" cb="0"/><line nr="1172" mi="0" ci="3" mb="0" cb="0"/><line nr="1174" mi="0" ci="2" mb="0" cb="0"/><line nr="1176" mi="0" ci="1" mb="0" cb="0"/><line nr="1186" mi="0" ci="4" mb="0" cb="0"/><line nr="1188" mi="0" ci="3" mb="0" cb="0"/><line nr="1190" mi="0" ci="3" mb="0" cb="0"/><line nr="1192" mi="0" ci="3" mb="0" cb="0"/><line nr="1194" mi="0" ci="4" mb="0" cb="2"/><line nr="1195" mi="0" ci="4" mb="0" cb="0"/><line nr="1197" mi="0" ci="3" mb="0" cb="0"/><line nr="1198" mi="0" ci="3" mb="0" cb="0"/><line nr="1200" mi="0" ci="2" mb="0" cb="0"/><line nr="1201" mi="0" ci="1" mb="0" cb="0"/><line nr="1211" mi="0" ci="4" mb="0" cb="0"/><line nr="1213" mi="0" ci="3" mb="0" cb="0"/><line nr="1215" mi="0" ci="3" mb="0" cb="0"/><line nr="1217" mi="0" ci="3" mb="0" cb="0"/><line nr="1219" mi="0" ci="4" mb="0" cb="2"/><line nr="1220" mi="0" ci="4" mb="0" cb="0"/><line nr="1222" mi="0" ci="3" mb="0" cb="0"/><line nr="1223" mi="0" ci="3" mb="0" cb="0"/><line nr="1225" mi="0" ci="2" mb="0" cb="0"/><line nr="1227" mi="0" ci="1" mb="0" cb="0"/><line nr="1238" mi="0" ci="2" mb="0" cb="0"/><line nr="1240" mi="0" ci="3" mb="0" cb="0"/><line nr="1242" mi="0" ci="3" mb="0" cb="0"/><line nr="1244" mi="0" ci="3" mb="0" cb="0"/><line nr="1246" mi="0" ci="3" mb="0" cb="0"/><line nr="1248" mi="0" ci="3" mb="0" cb="0"/><line nr="1250" mi="0" ci="3" mb="0" cb="0"/><line nr="1252" mi="0" ci="3" mb="0" cb="0"/><line nr="1253" mi="0" ci="8" mb="0" cb="2"/><line nr="1256" mi="0" ci="2" mb="0" cb="0"/><line nr="1257" mi="0" ci="3" mb="0" cb="0"/><line nr="1259" mi="0" ci="1" mb="0" cb="0"/><line nr="1261" mi="0" ci="3" mb="0" cb="0"/><line nr="1262" mi="0" ci="3" mb="0" cb="0"/><line nr="1264" mi="0" ci="2" mb="0" cb="0"/><line nr="1265" mi="0" ci="1" mb="0" cb="0"/><line nr="1278" mi="0" ci="2" mb="0" cb="0"/><line nr="1280" mi="0" ci="3" mb="0" cb="0"/><line nr="1282" mi="0" ci="3" mb="0" cb="0"/><line nr="1284" mi="0" ci="3" mb="0" cb="0"/><line nr="1286" mi="0" ci="3" mb="0" cb="0"/><line nr="1288" mi="0" ci="3" mb="0" cb="0"/><line nr="1290" mi="0" ci="3" mb="0" cb="0"/><line nr="1292" mi="0" ci="3" mb="0" cb="0"/><line nr="1293" mi="0" ci="8" mb="0" cb="2"/><line nr="1296" mi="0" ci="2" mb="0" cb="0"/><line nr="1297" mi="0" ci="3" mb="0" cb="0"/><line nr="1299" mi="0" ci="1" mb="0" cb="0"/><line nr="1301" mi="0" ci="3" mb="0" cb="0"/><line nr="1302" mi="0" ci="3" mb="0" cb="0"/><line nr="1304" mi="0" ci="2" mb="0" cb="0"/><line nr="1305" mi="0" ci="1" mb="0" cb="0"/><counter type="INSTRUCTION" missed="31" covered="1484"/><counter type="BRANCH" missed="8" covered="81"/><counter type="LINE" missed="6" covered="503"/><counter type="COMPLEXITY" missed="8" covered="79"/><counter type="METHOD" missed="0" covered="30"/><counter type="CLASS" missed="0" covered="1"/></sourcefile><sourcefile name="RecipeManagement.java"><line nr="67" mi="0" ci="2" mb="0" cb="0"/><line nr="69" mi="0" ci="5" mb="0" cb="0"/><line nr="70" mi="0" ci="1" mb="0" cb="0"/><line nr="82" mi="0" ci="3" mb="0" cb="0"/><line nr="85" mi="0" ci="4" mb="0" cb="0"/><line nr="88" mi="0" ci="3" mb="0" cb="0"/><line nr="89" mi="0" ci="1" mb="0" cb="0"/><line nr="97" mi="0" ci="3" mb="0" cb="0"/><line nr="107" mi="0" ci="5" mb="0" cb="0"/><line nr="108" mi="0" ci="5" mb="0" cb="0"/><line nr="110" mi="0" ci="10" mb="0" cb="2"/><line nr="111" mi="0" ci="3" mb="0" cb="0"/><line nr="112" mi="0" ci="3" mb="0" cb="0"/><line nr="113" mi="0" ci="1" mb="0" cb="0"/><line nr="115" mi="0" ci="1" mb="0" cb="0"/><line nr="116" mi="0" ci="5" mb="0" cb="0"/><line nr="117" mi="0" ci="1" mb="0" cb="0"/><line nr="118" mi="0" ci="1" mb="0" cb="0"/><line nr="127" mi="0" ci="4" mb="0" cb="0"/><line nr="129" mi="0" ci="10" mb="0" cb="0"/><line nr="133" mi="0" ci="4" mb="0" cb="0"/><line nr="134" mi="0" ci="4" mb="0" cb="0"/><line nr="136" mi="0" ci="3" mb="0" cb="0"/><line nr="138" mi="0" ci="1" mb="0" cb="0"/><line nr="139" mi="0" ci="1" mb="0" cb="0"/><line nr="140" mi="0" ci="1" mb="0" cb="0"/><line nr="143" mi="0" ci="1" mb="0" cb="0"/><line nr="144" mi="0" ci="5" mb="0" cb="0"/><line nr="145" mi="0" ci="1" mb="0" cb="0"/><line nr="146" mi="0" ci="2" mb="0" cb="0"/><line nr="163" mi="0" ci="4" mb="0" cb="0"/><line nr="164" mi="0" ci="4" mb="0" cb="0"/><line nr="165" mi="0" ci="3" mb="0" cb="0"/><line nr="166" mi="0" ci="10" mb="0" cb="2"/><line nr="167" mi="0" ci="7" mb="0" cb="0"/><line nr="168" mi="0" ci="1" mb="0" cb="0"/><line nr="171" mi="0" ci="7" mb="0" cb="0"/><line nr="174" mi="0" ci="4" mb="0" cb="0"/><line nr="176" mi="0" ci="1" mb="0" cb="0"/><line nr="187" mi="0" ci="4" mb="0" cb="0"/><line nr="189" mi="0" ci="4" mb="0" cb="2"/><line nr="190" mi="0" ci="3" mb="0" cb="0"/><line nr="191" mi="0" ci="1" mb="0" cb="0"/><line nr="194" mi="0" ci="9" mb="0" cb="2"/><line nr="195" mi="0" ci="6" mb="0" cb="0"/><line nr="196" mi="0" ci="6" mb="0" cb="0"/><line nr="197" mi="0" ci="5" mb="0" cb="0"/><line nr="198" mi="0" ci="5" mb="0" cb="0"/><line nr="199" mi="0" ci="3" mb="0" cb="0"/><line nr="200" mi="0" ci="3" mb="0" cb="0"/><line nr="201" mi="0" ci="8" mb="0" cb="2"/><line nr="202" mi="0" ci="5" mb="0" cb="0"/><line nr="203" mi="0" ci="7" mb="0" cb="0"/><line nr="206" mi="0" ci="3" mb="0" cb="0"/><line nr="207" mi="0" ci="1" mb="0" cb="0"/><line nr="216" mi="0" ci="3" mb="0" cb="0"/><line nr="218" mi="0" ci="1" mb="0" cb="0"/><counter type="INSTRUCTION" missed="0" covered="212"/><counter type="BRANCH" missed="0" covered="10"/><counter type="LINE" missed="0" covered="57"/><counter type="COMPLEXITY" missed="0" covered="13"/><counter type="METHOD" missed="0" covered="8"/><counter type="CLASS" missed="0" covered="1"/></sourcefile><counter type="INSTRUCTION" missed="31" covered="2171"/><counter type="BRANCH" missed="8" covered="115"/><counter type="LINE" missed="6" covered="702"/><counter type="COMPLEXITY" missed="8" covered="139"/><counter type="METHOD" missed="0" covered="73"/><counter type="CLASS" missed="0" covered="8"/></package><counter type="INSTRUCTION" missed="31" covered="2171"/><counter type="BRANCH" missed="8" covered="115"/><counter type="LINE" missed="6" covered="702"/><counter type="COMPLEXITY" missed="8" covered="139"/><counter type="METHOD" missed="0" covered="73"/><counter type="CLASS" missed="0" covered="8"/></report>